2024-12-29-08:00:34 info: ================================================== 
2024-12-29-08:00:34 info: = Server up at🚀: http://localhost:3000 | v20.11.1 = 
2024-12-29-08:00:34 info: ================================================== 
2024-12-29-08:00:51 info: ================================================== 
2024-12-29-08:00:51 info: = Server up at🚀: http://localhost:3000 | v20.11.1 = 
2024-12-29-08:00:51 info: ================================================== 
2024-12-29-08:02:04 info: ================================================== 
2024-12-29-08:02:04 info: = Server up at🚀: http://localhost:3000 | v20.11.1 = 
2024-12-29-08:02:04 info: ================================================== 
2024-12-29-08:02:26 info: ================================================== 
2024-12-29-08:02:26 info: = Server up at🚀: http://localhost:3000 | v20.11.1 = 
2024-12-29-08:02:26 info: ================================================== 
2024-12-29-08:04:38 info: ================================================== 
2024-12-29-08:04:38 info: = Server up at🚀: http://localhost:3000 | v20.11.1 = 
2024-12-29-08:04:38 info: ================================================== 
2024-12-29-08:04:53 info: ================================================== 
2024-12-29-08:04:53 info: = Server up at🚀: http://localhost:3000 | v20.11.1 = 
2024-12-29-08:04:53 info: ================================================== 
2024-12-29-08:05:24 error: Error connecting to database: Error: querySrv ETIMEOUT _mongodb._tcp.mongodbtransactions.411111e.mongodb.net 
2024-12-29-08:07:25 info: ================================================== 
2024-12-29-08:07:25 info: = Server up at🚀: http://localhost:3000 | v20.11.1 = 
2024-12-29-08:07:25 info: ================================================== 
2024-12-29-08:07:40 error: Error connecting to database: Error: querySrv ENODATA _mongodb._tcp.mongodbtransactions.411111e.mongodb.net 
2024-12-29-08:07:43 info: ================================================== 
2024-12-29-08:07:43 info: = Server up at🚀: http://localhost:3000 | v20.11.1 = 
2024-12-29-08:07:43 info: ================================================== 
2024-12-29-08:07:58 error: Error connecting to database: Error: querySrv EREFUSED _mongodb._tcp.mongodbtransactions.411111e.mongodb.net 
2024-12-29-08:09:10 info: ================================================== 
2024-12-29-08:09:10 info: = Server up at🚀: http://localhost:3000 | v20.11.1 = 
2024-12-29-08:09:10 info: ================================================== 
2024-12-29-08:09:41 error: Error connecting to database: Error: querySrv ETIMEOUT _mongodb._tcp.mongodbtransactions.411111e.mongodb.net 
2024-12-29-08:09:57 info: ================================================== 
2024-12-29-08:09:57 info: = Server up at🚀: http://localhost:3000 | v20.11.1 = 
2024-12-29-08:09:57 info: ================================================== 
2024-12-29-08:10:02 error: Error connecting to database: Error: querySrv EREFUSED _mongodb._tcp.mongodbtransactions.411111e.mongodb.net 
2024-12-29-08:14:15 info: ================================================== 
2024-12-29-08:14:15 info: = Server up at🚀: http://localhost:3000 | v20.11.1 = 
2024-12-29-08:14:15 info: ================================================== 
2024-12-29-08:14:30 info: ================================================== 
2024-12-29-08:14:30 info: = Server up at🚀: http://localhost:3000 | v20.11.1 = 
2024-12-29-08:14:30 info: ================================================== 
2024-12-29-08:15:00 error: Error connecting to database: Error: querySrv ETIMEOUT _mongodb._tcp.mongodbtransactions.411111e.mongodb.net 
2024-12-29-08:15:28 info: ================================================== 
2024-12-29-08:15:28 info: = Server up at🚀: http://localhost:3000 | v20.11.1 = 
2024-12-29-08:15:28 info: ================================================== 
2024-12-29-08:15:54 error: Error connecting to database: Error: querySrv EREFUSED _mongodb._tcp.mongodbtransactions.411111e.mongodb.net 
2024-12-29-08:16:38 info: ================================================== 
2024-12-29-08:16:38 info: = Server up at🚀: http://localhost:3000 | v20.11.1 = 
2024-12-29-08:16:38 info: ================================================== 
2024-12-29-08:17:08 error: Error connecting to database: Error: querySrv ETIMEOUT _mongodb._tcp.mongodbtransactions.411111e.mongodb.net 
