2024-12-29-10:02:08 info: ================================================== 
2024-12-29-10:02:08 info: = Server up at🚀: http://localhost:3000 | v20.11.1 = 
2024-12-29-10:02:08 info: ================================================== 
2024-12-29-10:02:23 info: ================================================== 
2024-12-29-10:02:23 info: = Server up at🚀: http://localhost:3000 | v20.11.1 = 
2024-12-29-10:02:23 info: ================================================== 
2024-12-29-10:02:44 error: Error connecting to database: Error: querySrv ENODATA _mongodb._tcp.mongodbtransactions.411111e.mongodb.net 
2024-12-29-10:04:57 info: ================================================== 
2024-12-29-10:04:57 info: = Server up at🚀: http://localhost:3000 | v20.11.1 = 
2024-12-29-10:04:57 info: ================================================== 
2024-12-29-10:05:27 error: Error connecting to database: Error: querySrv ETIMEOUT _mongodb._tcp.mongodbtransactions.411111e.mongodb.net 
2024-12-29-10:05:32 info: ================================================== 
2024-12-29-10:05:32 info: = Server up at🚀: http://localhost:3000 | v20.11.1 = 
2024-12-29-10:05:32 info: ================================================== 
2024-12-29-10:06:03 error: Error connecting to database: Error: querySrv ETIMEOUT _mongodb._tcp.mongodbtransactions.411111e.mongodb.net 
2024-12-29-10:06:21 info: ================================================== 
2024-12-29-10:06:21 info: = Server up at🚀: http://localhost:3000 | v20.11.1 = 
2024-12-29-10:06:21 info: ================================================== 
2024-12-29-10:06:52 error: Error connecting to database: Error: querySrv ETIMEOUT _mongodb._tcp.mongodbtransactions.411111e.mongodb.net 
2024-12-29-10:09:24 info: ================================================== 
2024-12-29-10:09:24 info: = Server up at🚀: http://localhost:3000 | v20.11.1 = 
2024-12-29-10:09:24 info: ================================================== 
2024-12-29-10:09:54 error: Error connecting to database: Error: querySrv ETIMEOUT _mongodb._tcp.mongodbtransactions.411111e.mongodb.net 
2024-12-29-10:12:08 info: ================================================== 
2024-12-29-10:12:08 info: = Server up at🚀: http://localhost:3000 | v20.11.1 = 
2024-12-29-10:12:08 info: ================================================== 
2024-12-29-10:12:39 error: Error connecting to database: Error: querySrv ETIMEOUT _mongodb._tcp.mongodbtransactions.411111e.mongodb.net 
2024-12-29-10:13:36 info: ================================================== 
2024-12-29-10:13:36 info: = Server up at🚀: http://localhost:3000 | v20.11.1 = 
2024-12-29-10:13:36 info: ================================================== 
2024-12-29-10:13:44 info: ================================================== 
2024-12-29-10:13:44 info: = Server up at🚀: http://localhost:3000 | v20.11.1 = 
2024-12-29-10:13:44 info: ================================================== 
2024-12-29-10:14:14 error: Error connecting to database: Error: querySrv ETIMEOUT _mongodb._tcp.mongodbtransactions.411111e.mongodb.net 
2024-12-29-10:15:12 info: ================================================== 
2024-12-29-10:15:12 info: = Server up at🚀: http://localhost:3000 | v20.11.1 = 
2024-12-29-10:15:12 info: ================================================== 
2024-12-29-10:15:16 info: ================================================== 
2024-12-29-10:15:16 info: = Server up at🚀: http://localhost:3000 | v20.11.1 = 
2024-12-29-10:15:16 info: ================================================== 
2024-12-29-10:15:33 info: ================================================== 
2024-12-29-10:15:33 info: = Server up at🚀: http://localhost:3000 | v20.11.1 = 
2024-12-29-10:15:33 info: ================================================== 
2024-12-29-10:15:48 error: Error connecting to database: Error: querySrv EREFUSED _mongodb._tcp.mongodbtransactions.411111e.mongodb.net 
2024-12-29-10:15:57 info: ================================================== 
2024-12-29-10:15:57 info: = Server up at🚀: http://localhost:3000 | v20.11.1 = 
2024-12-29-10:15:57 info: ================================================== 
2024-12-29-10:16:03 info: ================================================== 
2024-12-29-10:16:03 info: = Server up at🚀: http://localhost:3000 | v20.11.1 = 
2024-12-29-10:16:03 info: ================================================== 
2024-12-29-10:16:33 error: Error connecting to database: Error: querySrv ETIMEOUT _mongodb._tcp.mongodbtransactions.411111e.mongodb.net 
2024-12-29-10:17:13 info: ================================================== 
2024-12-29-10:17:13 info: = Server up at🚀: http://localhost:3000 | v20.11.1 = 
2024-12-29-10:17:13 info: ================================================== 
2024-12-29-10:17:44 error: Error connecting to database: Error: querySrv ETIMEOUT _mongodb._tcp.mongodbtransactions.411111e.mongodb.net 
2024-12-29-10:23:50 info: ================================================== 
2024-12-29-10:23:50 info: = Server up at🚀: http://localhost:3000 | v20.11.1 = 
2024-12-29-10:23:50 info: ================================================== 
2024-12-29-10:24:04 info: ================================================== 
2024-12-29-10:24:04 info: = Server up at🚀: http://localhost:3000 | v20.11.1 = 
2024-12-29-10:24:04 info: ================================================== 
2024-12-29-10:24:14 info: ================================================== 
2024-12-29-10:24:14 info: = Server up at🚀: http://localhost:3000 | v20.11.1 = 
2024-12-29-10:24:14 info: ================================================== 
2024-12-29-10:24:45 error: Error connecting to database: Error: querySrv ETIMEOUT _mongodb._tcp.mongodbtransactions.411111e.mongodb.net 
2024-12-29-10:27:44 info: ================================================== 
2024-12-29-10:27:44 info: = Server up at🚀: http://localhost:3000 | v20.11.1 = 
2024-12-29-10:27:44 info: ================================================== 
2024-12-29-10:28:07 info: ================================================== 
2024-12-29-10:28:07 info: = Server up at🚀: http://localhost:3000 | v20.11.1 = 
2024-12-29-10:28:07 info: ================================================== 
2024-12-29-10:28:36 error: Error connecting to database: Error: querySrv ENODATA _mongodb._tcp.mongodbtransactions.411111e.mongodb.net 
2024-12-29-10:32:31 info: ================================================== 
2024-12-29-10:32:31 info: = Server up at🚀: http://localhost:3000 | v20.11.1 = 
2024-12-29-10:32:31 info: ================================================== 
2024-12-29-10:33:02 error: Error connecting to database: Error: querySrv ETIMEOUT _mongodb._tcp.mongodbtransactions.411111e.mongodb.net 
2024-12-29-10:33:09 info: ================================================== 
2024-12-29-10:33:09 info: = Server up at🚀: http://localhost:3000 | v20.11.1 = 
2024-12-29-10:33:09 info: ================================================== 
2024-12-29-10:33:12 info: ================================================== 
2024-12-29-10:33:12 info: = Server up at🚀: http://localhost:3000 | v20.11.1 = 
2024-12-29-10:33:12 info: ================================================== 
2024-12-29-10:33:42 error: Error connecting to database: Error: querySrv ETIMEOUT _mongodb._tcp.mongodbtransactions.411111e.mongodb.net 
2024-12-29-10:34:52 info: ================================================== 
2024-12-29-10:34:52 info: = Server up at🚀: http://localhost:3000 | v20.11.1 = 
2024-12-29-10:34:52 info: ================================================== 
2024-12-29-10:35:23 error: Error connecting to database: Error: querySrv ETIMEOUT _mongodb._tcp.mongodbtransactions.411111e.mongodb.net 
2024-12-29-10:35:29 info: ================================================== 
2024-12-29-10:35:29 info: = Server up at🚀: http://localhost:3000 | v20.11.1 = 
2024-12-29-10:35:29 info: ================================================== 
2024-12-29-10:36:00 error: Error connecting to database: Error: querySrv ETIMEOUT _mongodb._tcp.mongodbtransactions.411111e.mongodb.net 
2024-12-29-10:37:27 info: ================================================== 
2024-12-29-10:37:27 info: = Server up at🚀: http://localhost:3000 | v20.11.1 = 
2024-12-29-10:37:27 info: ================================================== 
2024-12-29-10:37:36 info: ================================================== 
2024-12-29-10:37:36 info: = Server up at🚀: http://localhost:3000 | v20.11.1 = 
2024-12-29-10:37:36 info: ================================================== 
2024-12-29-10:37:46 info: ================================================== 
2024-12-29-10:37:46 info: = Server up at🚀: http://localhost:3000 | v20.11.1 = 
2024-12-29-10:37:46 info: ================================================== 
2024-12-29-10:38:16 error: Error connecting to database: Error: querySrv ETIMEOUT _mongodb._tcp.mongodbtransactions.411111e.mongodb.net 
2024-12-29-10:39:00 info: ================================================== 
2024-12-29-10:39:00 info: = Server up at🚀: http://localhost:3000 | v20.11.1 = 
2024-12-29-10:39:00 info: ================================================== 
2024-12-29-10:39:03 info: ================================================== 
2024-12-29-10:39:03 info: = Server up at🚀: http://localhost:3000 | v20.11.1 = 
2024-12-29-10:39:03 info: ================================================== 
2024-12-29-10:39:34 error: Error connecting to database: Error: querySrv ETIMEOUT _mongodb._tcp.mongodbtransactions.411111e.mongodb.net 
2024-12-29-10:40:15 info: ================================================== 
2024-12-29-10:40:15 info: = Server up at🚀: http://localhost:3000 | v20.11.1 = 
2024-12-29-10:40:15 info: ================================================== 
2024-12-29-10:40:23 info: ================================================== 
2024-12-29-10:40:23 info: = Server up at🚀: http://localhost:3000 | v20.11.1 = 
2024-12-29-10:40:23 info: ================================================== 
2024-12-29-10:40:28 info: ================================================== 
2024-12-29-10:40:28 info: = Server up at🚀: http://localhost:3000 | v20.11.1 = 
2024-12-29-10:40:28 info: ================================================== 
2024-12-29-10:40:36 info: ================================================== 
2024-12-29-10:40:36 info: = Server up at🚀: http://localhost:3000 | v20.11.1 = 
2024-12-29-10:40:36 info: ================================================== 
2024-12-29-10:41:07 error: Error connecting to database: Error: querySrv ETIMEOUT _mongodb._tcp.mongodbtransactions.411111e.mongodb.net 
2024-12-29-10:41:17 info: ================================================== 
2024-12-29-10:41:17 info: = Server up at🚀: http://localhost:3000 | v20.11.1 = 
2024-12-29-10:41:17 info: ================================================== 
2024-12-29-10:41:24 info: ================================================== 
2024-12-29-10:41:24 info: = Server up at🚀: http://localhost:3000 | v20.11.1 = 
2024-12-29-10:41:24 info: ================================================== 
2024-12-29-10:41:55 error: Error connecting to database: Error: querySrv ETIMEOUT _mongodb._tcp.mongodbtransactions.411111e.mongodb.net 
2024-12-29-10:42:27 info: ================================================== 
2024-12-29-10:42:27 info: = Server up at🚀: http://localhost:3000 | v20.11.1 = 
2024-12-29-10:42:27 info: ================================================== 
2024-12-29-10:42:29 info: ================================================== 
2024-12-29-10:42:29 info: = Server up at🚀: http://localhost:3000 | v20.11.1 = 
2024-12-29-10:42:29 info: ================================================== 
2024-12-29-10:42:35 info: ================================================== 
2024-12-29-10:42:35 info: = Server up at🚀: http://localhost:3000 | v20.11.1 = 
2024-12-29-10:42:35 info: ================================================== 
2024-12-29-10:43:06 error: Error connecting to database: Error: querySrv ETIMEOUT _mongodb._tcp.mongodbtransactions.411111e.mongodb.net 
2024-12-29-10:44:46 info: ================================================== 
2024-12-29-10:44:46 info: = Server up at🚀: http://localhost:3000 | v20.11.1 = 
2024-12-29-10:44:46 info: ================================================== 
2024-12-29-10:44:56 info: ================================================== 
2024-12-29-10:44:56 info: = Server up at🚀: http://localhost:3000 | v20.11.1 = 
2024-12-29-10:44:56 info: ================================================== 
2024-12-29-10:45:22 info: ================================================== 
2024-12-29-10:45:22 info: = Server up at🚀: http://localhost:3000 | v20.11.1 = 
2024-12-29-10:45:22 info: ================================================== 
2024-12-29-10:45:53 error: Error connecting to database: Error: querySrv ETIMEOUT _mongodb._tcp.mongodbtransactions.411111e.mongodb.net 
2024-12-29-10:55:01 info: ================================================== 
2024-12-29-10:55:01 info: = Server up at🚀: http://localhost:3000 | v20.11.1 = 
2024-12-29-10:55:01 info: ================================================== 
2024-12-29-10:57:11 info: ================================================== 
2024-12-29-10:57:11 info: = Server up at🚀: http://localhost:3000 | v20.11.1 = 
2024-12-29-10:57:11 info: ================================================== 
2024-12-29-10:57:42 error: Error connecting to database: Error: querySrv ETIMEOUT _mongodb._tcp.mongodbtransactions.411111e.mongodb.net 
2024-12-29-10:59:43 info: ================================================== 
2024-12-29-10:59:43 info: = Server up at🚀: http://localhost:3000 | v20.11.1 = 
2024-12-29-10:59:43 info: ================================================== 
2024-12-29-10:59:58 info: ================================================== 
2024-12-29-10:59:58 info: = Server up at🚀: http://localhost:3000 | v20.11.1 = 
2024-12-29-10:59:58 info: ================================================== 
