2024-12-29-13:02:27 error: Failed to initialize server: Listen method has been called more than once without closing. 
2024-12-29-13:03:41 error: Failed to initialize server: Listen method has been called more than once without closing. 
2024-12-29-13:04:53 error: Failed to initialize server: Listen method has been called more than once without closing. 
2024-12-29-13:06:17 error: Failed to initialize server: Listen method has been called more than once without closing. 
2024-12-29-13:11:29 error: uncaughtException: app.listen is not a function
TypeError: app.listen is not a function
    at Object.<anonymous> (/home/janith_u/Projects/node-express-ts-boilerplate/src/server.ts:4:5)
    at Module._compile (node:internal/modules/cjs/loader:1376:14)
    at Module.m._compile (/home/janith_u/Projects/node-express-ts-boilerplate/node_modules/ts-node/src/index.ts:1618:23)
    at Module._extensions..js (node:internal/modules/cjs/loader:1435:10)
    at Object.require.extensions.<computed> [as .ts] (/home/janith_u/Projects/node-express-ts-boilerplate/node_modules/ts-node/src/index.ts:1621:12)
    at Module.load (node:internal/modules/cjs/loader:1207:32)
    at Function.Module._load (node:internal/modules/cjs/loader:1023:12)
    at Function.executeUserEntryPoint [as runMain] (node:internal/modules/run_main:135:12)
    at phase4 (/home/janith_u/Projects/node-express-ts-boilerplate/node_modules/ts-node/src/bin.ts:649:14)
    at bootstrap (/home/janith_u/Projects/node-express-ts-boilerplate/node_modules/ts-node/src/bin.ts:95:10) 
 TypeError: app.listen is not a function
    at Object.<anonymous> (/home/janith_u/Projects/node-express-ts-boilerplate/src/server.ts:4:5)
    at Module._compile (node:internal/modules/cjs/loader:1376:14)
    at Module.m._compile (/home/janith_u/Projects/node-express-ts-boilerplate/node_modules/ts-node/src/index.ts:1618:23)
    at Module._extensions..js (node:internal/modules/cjs/loader:1435:10)
    at Object.require.extensions.<computed> [as .ts] (/home/janith_u/Projects/node-express-ts-boilerplate/node_modules/ts-node/src/index.ts:1621:12)
    at Module.load (node:internal/modules/cjs/loader:1207:32)
    at Function.Module._load (node:internal/modules/cjs/loader:1023:12)
    at Function.executeUserEntryPoint [as runMain] (node:internal/modules/run_main:135:12)
    at phase4 (/home/janith_u/Projects/node-express-ts-boilerplate/node_modules/ts-node/src/bin.ts:649:14)
    at bootstrap (/home/janith_u/Projects/node-express-ts-boilerplate/node_modules/ts-node/src/bin.ts:95:10)
2024-12-29-13:11:45 error: uncaughtException: app.listen is not a function
TypeError: app.listen is not a function
    at Object.<anonymous> (/home/janith_u/Projects/node-express-ts-boilerplate/src/server.ts:4:5)
    at Module._compile (node:internal/modules/cjs/loader:1376:14)
    at Module.m._compile (/home/janith_u/Projects/node-express-ts-boilerplate/node_modules/ts-node/src/index.ts:1618:23)
    at Module._extensions..js (node:internal/modules/cjs/loader:1435:10)
    at Object.require.extensions.<computed> [as .ts] (/home/janith_u/Projects/node-express-ts-boilerplate/node_modules/ts-node/src/index.ts:1621:12)
    at Module.load (node:internal/modules/cjs/loader:1207:32)
    at Function.Module._load (node:internal/modules/cjs/loader:1023:12)
    at Function.executeUserEntryPoint [as runMain] (node:internal/modules/run_main:135:12)
    at phase4 (/home/janith_u/Projects/node-express-ts-boilerplate/node_modules/ts-node/src/bin.ts:649:14)
    at bootstrap (/home/janith_u/Projects/node-express-ts-boilerplate/node_modules/ts-node/src/bin.ts:95:10) 
 TypeError: app.listen is not a function
    at Object.<anonymous> (/home/janith_u/Projects/node-express-ts-boilerplate/src/server.ts:4:5)
    at Module._compile (node:internal/modules/cjs/loader:1376:14)
    at Module.m._compile (/home/janith_u/Projects/node-express-ts-boilerplate/node_modules/ts-node/src/index.ts:1618:23)
    at Module._extensions..js (node:internal/modules/cjs/loader:1435:10)
    at Object.require.extensions.<computed> [as .ts] (/home/janith_u/Projects/node-express-ts-boilerplate/node_modules/ts-node/src/index.ts:1621:12)
    at Module.load (node:internal/modules/cjs/loader:1207:32)
    at Function.Module._load (node:internal/modules/cjs/loader:1023:12)
    at Function.executeUserEntryPoint [as runMain] (node:internal/modules/run_main:135:12)
    at phase4 (/home/janith_u/Projects/node-express-ts-boilerplate/node_modules/ts-node/src/bin.ts:649:14)
    at bootstrap (/home/janith_u/Projects/node-express-ts-boilerplate/node_modules/ts-node/src/bin.ts:95:10)
2024-12-29-13:13:24 error: uncaughtException: app.listen is not a function
TypeError: app.listen is not a function
    at Object.<anonymous> (/home/janith_u/Projects/node-express-ts-boilerplate/src/server.ts:4:5)
    at Module._compile (node:internal/modules/cjs/loader:1376:14)
    at Module.m._compile (/home/janith_u/Projects/node-express-ts-boilerplate/node_modules/ts-node/src/index.ts:1618:23)
    at Module._extensions..js (node:internal/modules/cjs/loader:1435:10)
    at Object.require.extensions.<computed> [as .ts] (/home/janith_u/Projects/node-express-ts-boilerplate/node_modules/ts-node/src/index.ts:1621:12)
    at Module.load (node:internal/modules/cjs/loader:1207:32)
    at Function.Module._load (node:internal/modules/cjs/loader:1023:12)
    at Function.executeUserEntryPoint [as runMain] (node:internal/modules/run_main:135:12)
    at phase4 (/home/janith_u/Projects/node-express-ts-boilerplate/node_modules/ts-node/src/bin.ts:649:14)
    at bootstrap (/home/janith_u/Projects/node-express-ts-boilerplate/node_modules/ts-node/src/bin.ts:95:10) 
 TypeError: app.listen is not a function
    at Object.<anonymous> (/home/janith_u/Projects/node-express-ts-boilerplate/src/server.ts:4:5)
    at Module._compile (node:internal/modules/cjs/loader:1376:14)
    at Module.m._compile (/home/janith_u/Projects/node-express-ts-boilerplate/node_modules/ts-node/src/index.ts:1618:23)
    at Module._extensions..js (node:internal/modules/cjs/loader:1435:10)
    at Object.require.extensions.<computed> [as .ts] (/home/janith_u/Projects/node-express-ts-boilerplate/node_modules/ts-node/src/index.ts:1621:12)
    at Module.load (node:internal/modules/cjs/loader:1207:32)
    at Function.Module._load (node:internal/modules/cjs/loader:1023:12)
    at Function.executeUserEntryPoint [as runMain] (node:internal/modules/run_main:135:12)
    at phase4 (/home/janith_u/Projects/node-express-ts-boilerplate/node_modules/ts-node/src/bin.ts:649:14)
    at bootstrap (/home/janith_u/Projects/node-express-ts-boilerplate/node_modules/ts-node/src/bin.ts:95:10)
